300 400 translate
-60 133 moveto 106 16 lineto
106 16 moveto 147 -49 lineto
147 -49 moveto -60 133 lineto
-60 133 moveto 221 -96 lineto
221 -96 moveto 218 -163 lineto
218 -163 moveto -60 133 lineto
156 -49 moveto 282 6 lineto
271 -136 moveto 240 -98 lineto
240 -98 moveto 263 5 lineto
263 5 moveto 324 -61 lineto
324 -61 moveto 274 -132 lineto
274 -132 moveto 372 -13 lineto
372 -13 moveto 218 -1 lineto
218 -1 moveto 250 -35 lineto
250 -35 moveto 271 -136 lineto
271 -136 moveto -233 -229 lineto
-233 -229 moveto 208 13 lineto
208 13 moveto 217 -120 lineto
217 -120 moveto 276 -38 lineto
stroke showpage
