300 400 translate
12 -43 moveto 1 97 lineto
1 97 moveto 39 -11 lineto
39 -11 moveto 12 -43 lineto
-825 -3450 moveto -25 -5 lineto
1991 -1735 moveto 10 -80 lineto
10 -80 moveto -51 -239 lineto
-51 -239 moveto 36 -115 lineto
36 -115 moveto 19 -109 lineto
8 -188 moveto 30 -182 lineto
117 -220 moveto -56 -63 lineto
13 -117 moveto 97 -135 lineto
97 -135 moveto 10 34 lineto
-100 -58 moveto -105 -100 lineto
-105 -100 moveto -43 -6 lineto
-84 -19 moveto 6876 1244 lineto
6876 1244 moveto -84 -19 lineto
6144 457 moveto 3465 -2445 lineto
3521 -2365 moveto 5178 1562 lineto
stroke showpage
