300 400 translate
34 30 moveto 89 -87 lineto
1800 5 moveto -950 9258 lineto
-1503 -2021 moveto -34 -1993 lineto
-34 -1993 moveto 63 -2072 lineto
63 -2072 moveto -1503 -2021 lineto
-1503 -2021 moveto 32 -2043 lineto
32 -2043 moveto -4 -2120 lineto
-4 -2120 moveto -70 -2132 lineto
-70 -2132 moveto 37 -1971 lineto
51 -1947 moveto 163 -1981 lineto
38 -1998 moveto 187 -2031 lineto
5266 -2740 moveto 5319 -2697 lineto
5344 -2668 moveto 5204 -2530 lineto
5226 -2508 moveto 5371 -2451 lineto
5371 -2451 moveto 5226 -2508 lineto
5226 -2508 moveto 5310 -2447 lineto
6105 -4946 moveto 5387 -2390 lineto
5387 -2390 moveto 5208 -2341 lineto
5208 -2341 moveto 5319 -2304 lineto
5319 -2304 moveto 5282 -2340 lineto
5409 -2477 moveto 5451 -2394 lineto
5451 -2394 moveto 5409 -2477 lineto
5464 -2245 moveto 5420 -2223 lineto
5420 -2223 moveto 5464 -2245 lineto
5464 -2245 moveto 5404 -2234 lineto
5325 -2306 moveto 5404 -2358 lineto
5404 -2358 moveto 5325 -2306 lineto
5380 -2343 moveto 5283 -2302 lineto
5283 -2302 moveto 5329 -2297 lineto
5365 -2210 moveto 5338 -2222 lineto
5338 -2222 moveto 5363 -2211 lineto
5363 -2211 moveto 5365 -2210 lineto
5284 -2254 moveto 5327 -2425 lineto
5327 -2425 moveto 5395 -2473 lineto
5395 -2473 moveto 5284 -2254 lineto
5284 -2254 moveto 5305 -2440 lineto
5310 -2326 moveto 5257 -2434 lineto
5331 -2499 moveto 5332 -2481 lineto
stroke showpage
