300 400 translate
-93 15 moveto -27 -45 lineto
-27 -45 moveto 10 1 lineto
-30 -49 moveto -1 -89 lineto
-1 -89 moveto -30 -49 lineto
-30 -49 moveto -51 -56 lineto
-51 -56 moveto 18 7 lineto
18 7 moveto 45 2 lineto
-58 -112 moveto 84 -10 lineto
111 -22 moveto 166 87 lineto
95 181 moveto 191 23 lineto
191 23 moveto 95 181 lineto
200 177 moveto 87 24 lineto
87 24 moveto 200 177 lineto
200 177 moveto 115 22 lineto
115 22 moveto 200 177 lineto
207 51 moveto 129 187 lineto
146 122 moveto -9 212 lineto
-9 212 moveto 146 122 lineto
41 105 moveto 176 137 lineto
stroke showpage
