300 400 translate
18 -58 moveto -4265 912 lineto
-4265 912 moveto 135 -22 lineto
135 -22 moveto -3033 61746 lineto
-3033 61746 moveto -2907 61708 lineto
-2907 61708 moveto -3007 61798 lineto
-3007 61798 moveto -2906 61781 lineto
-2974 61767 moveto -3012 61738 lineto
-3012 61738 moveto -2974 61767 lineto
-2930 61803 moveto -2970 61695 lineto
-2970 61695 moveto -3014 61964 lineto
-2920 62006 moveto -2992 61949 lineto
-2992 61949 moveto -2920 62006 lineto
-3433 62580 moveto -748 63725 lineto
-3323 62454 moveto -3343 62408 lineto
-3268 62458 moveto -3385 62407 lineto
-3385 62407 moveto -3268 62458 lineto
2892 64664 moveto -3251 62443 lineto
-3330 62405 moveto -3328 62477 lineto
-3409 62420 moveto -3355 62477 lineto
-3355 62477 moveto -3409 62420 lineto
-3409 62420 moveto -3372 62420 lineto
-3372 62420 moveto -3409 62420 lineto
stroke showpage
