300 400 translate
50 67 moveto 51 91 lineto
51 91 moveto 50 67 lineto
118 -130 moveto 122 -115 lineto
122 -115 moveto 237 -84 lineto
237 -84 moveto 164 -162 lineto
164 -162 moveto 247 -162 lineto
247 -162 moveto 345 -188 lineto
252 -209 moveto 222 -252 lineto
222 -252 moveto 252 -209 lineto
266 -335 moveto 2165 1418 lineto
220 -207 moveto 208 -299 lineto
355 -181 moveto 221 -221 lineto
221 -221 moveto 186 -164 lineto
186 -164 moveto 377 -286 lineto
377 -286 moveto 336 -286 lineto
383 -386 moveto 342 -391 lineto
342 -391 moveto 383 -386 lineto
291 -355 moveto 245 -301 lineto
245 -301 moveto 291 -355 lineto
335 -212 moveto 248 -232 lineto
stroke showpage
