300 400 translate
89 41 moveto 47 -33 lineto
47 -33 moveto -55 -2 lineto
-55 -2 moveto 89 41 lineto
-23 28 moveto -18 65 lineto
-18 65 moveto 83 -23 lineto
83 -23 moveto 26 7 lineto
26 7 moveto -23 28 lineto
-23 28 moveto 10 -39 lineto
10 -39 moveto -23 28 lineto
1563 -82 moveto 1399 64 lineto
1399 64 moveto 1435 56 lineto
1435 56 moveto 1483 50 lineto
1483 50 moveto 1514 25 lineto
1514 25 moveto 1473 -217 lineto
1473 -217 moveto 1563 -82 lineto
1369 -77 moveto 1407 -184 lineto
1407 -184 moveto 1477 -27 lineto
1477 -27 moveto 1369 -77 lineto
1606 -91 moveto 1636 -36 lineto
1574 32 moveto 1569 87 lineto
1660 45 moveto 1642 155 lineto
1642 155 moveto 1660 45 lineto
1541 80 moveto 1632 54 lineto
1576 119 moveto 1526 73 lineto
1705 188 moveto 1554 81 lineto
1588 59 moveto 1671 86 lineto
stroke showpage
