300 400 translate
8 -30 moveto 38 11 lineto
38 11 moveto 8 -30 lineto
8 -30 moveto -30 -1606 lineto
-30 -1606 moveto 9 -1576 lineto
-74 -1438 moveto -163 -1345 lineto
-163 -1345 moveto -202 -1406 lineto
-202 -1406 moveto -74 -1438 lineto
-121 -1452 moveto -103 -1486 lineto
-103 -1486 moveto -214 -1480 lineto
-214 -1480 moveto -1494 -3912 lineto
-1494 -3912 moveto -121 -1452 lineto
-121 -1452 moveto -101 -1548 lineto
-94 -1552 moveto -90 -1490 lineto
-90 -1490 moveto -94 -1552 lineto
-281 -1234 moveto -227 -1321 lineto
-285 -1180 moveto -181 -1081 lineto
-181 -1081 moveto -232 -1238 lineto
-174 -1168 moveto -38 -1116 lineto
-38 -1116 moveto -144 -1108 lineto
-144 -1108 moveto -174 -1168 lineto
-174 -1168 moveto -240 -2318 lineto
-240 -2318 moveto -174 -1168 lineto
-174 -1168 moveto -132 -1119 lineto
-132 -1119 moveto -162 -1239 lineto
-162 -1239 moveto -174 -1168 lineto
-174 -1168 moveto -12 3104 lineto
-12 3104 moveto -80 3156 lineto
-80 3156 moveto -49 3085 lineto
-49 3085 moveto -174 -1168 lineto
-130 3297 moveto -125 3211 lineto
-125 3211 moveto -67 3292 lineto
stroke showpage
